[debug] [2018-04-27T04:22:25.392Z] ----------------------------------------------------------------------
[debug] [2018-04-27T04:22:25.395Z] Command:       C:\Program Files\nodejs\node.exe C:\Users\Beverly\AppData\Roaming\npm\node_modules\firebase-tools\bin\firebase serve
[debug] [2018-04-27T04:22:25.395Z] CLI Version:   3.18.4
[debug] [2018-04-27T04:22:25.395Z] Platform:      win32
[debug] [2018-04-27T04:22:25.395Z] Node Version:  v6.10.3
[debug] [2018-04-27T04:22:25.396Z] Time:          Fri Apr 27 2018 00:22:25 GMT-0400 (Eastern Daylight Time)
[debug] [2018-04-27T04:22:25.396Z] ----------------------------------------------------------------------
[debug] 
[debug] [2018-04-27T04:22:25.408Z] > command requires scopes: ["email","openid","https://www.googleapis.com/auth/cloudplatformprojects.readonly","https://www.googleapis.com/auth/firebase","https://www.googleapis.com/auth/cloud-platform"]
[debug] [2018-04-27T04:22:25.409Z] > authorizing via signed-in user
[debug] [2018-04-27T04:22:25.411Z] >>> HTTP REQUEST GET https://admin.firebase.com/v1/projects/my-calendar-202400  
  
 Fri Apr 27 2018 00:22:25 GMT-0400 (Eastern Daylight Time)
[debug] [2018-04-27T04:22:25.729Z] <<< HTTP RESPONSE 200
[debug] [2018-04-27T04:22:25.730Z] >>> HTTP REQUEST GET https://admin.firebase.com/v1/database/my-calendar-202400/tokens  
  
 Fri Apr 27 2018 00:22:25 GMT-0400 (Eastern Daylight Time)
[debug] [2018-04-27T04:22:25.998Z] <<< HTTP RESPONSE 200
[debug] [2018-04-27T04:22:26.000Z] >>> HTTP REQUEST GET https://cloudresourcemanager.googleapis.com/v1/projects/my-calendar-202400  
  
 Fri Apr 27 2018 00:22:26 GMT-0400 (Eastern Daylight Time)
[debug] [2018-04-27T04:22:26.166Z] <<< HTTP RESPONSE 200
[info] 
[info] === Serving from 'C:\Users\Beverly\lab6-src'...
[info] 
[debug] [2018-04-27T04:22:26.170Z] >>> HTTP REQUEST GET https://mobilesdk-pa.googleapis.com/v1/projects/997562130279/clients/_:getWebAppConfig  
  
 Fri Apr 27 2018 00:22:26 GMT-0400 (Eastern Daylight Time)
[debug] [2018-04-27T04:22:26.485Z] <<< HTTP RESPONSE 200
[info] i  hosting: Serving hosting files from: build
[info] +  hosting: Local server: http://localhost:5000

[info] Shutting down...
